# JRE version: OpenJDK Runtime Environment Microsoft-7208460 (11.0.18+10) (build 11.0.18+10-LTS)
# Java VM: OpenJDK 64-Bit Server VM Microsoft-7208460 (11.0.18+10-LTS, mixed mode, tiered, compressed oops, g1 gc, windows-amd64)
Heap:
 garbage-first heap   total 145408K, used 36314K [0x0000000080000000, 0x0000000100000000)
  region size 1024K, 16 young (16384K), 8 survivors (8192K)
 Metaspace       used 41423K, capacity 42540K, committed 42652K, reserved 555008K
  class space    used 5222K, capacity 5639K, committed 5708K, reserved 516096K
GC Heap History (14 events):
Event: 0.625 GC heap before
{Heap before GC invocations=0 (full 0):
 garbage-first heap   total 120832K, used 27648K [0x0000000080000000, 0x0000000100000000)
  region size 1024K, 24 young (24576K), 0 survivors (0K)
 Metaspace       used 10073K, capacity 10336K, committed 10624K, reserved 526336K
  class space    used 1028K, capacity 1105K, committed 1152K, reserved 516096K
}
Event: 0.634 GC heap after
{Heap after GC invocations=1 (full 0):
 garbage-first heap   total 120832K, used 10756K [0x0000000080000000, 0x0000000100000000)
  region size 1024K, 3 young (3072K), 3 survivors (3072K)
 Metaspace       used 10073K, capacity 10336K, committed 10624K, reserved 526336K
  class space    used 1028K, capacity 1105K, committed 1152K, reserved 516096K
}
Event: 2.261 GC heap before
{Heap before GC invocations=1 (full 0):
 garbage-first heap   total 120832K, used 79364K [0x0000000080000000, 0x0000000100000000)
  region size 1024K, 70 young (71680K), 3 survivors (3072K)
 Metaspace       used 17437K, capacity 17825K, committed 18048K, reserved 532480K
  class space    used 2007K, capacity 2114K, committed 2176K, reserved 516096K
}
Event: 2.270 GC heap after
{Heap after GC invocations=2 (full 0):
 garbage-first heap   total 120832K, used 17377K [0x0000000080000000, 0x0000000100000000)
  region size 1024K, 9 young (9216K), 9 survivors (9216K)
 Metaspace       used 17437K, capacity 17825K, committed 18048K, reserved 532480K
  class space    used 2007K, capacity 2114K, committed 2176K, reserved 516096K
}
Event: 2.706 GC heap before
{Heap before GC invocations=2 (full 0):
 garbage-first heap   total 120832K, used 40929K [0x0000000080000000, 0x0000000100000000)
  region size 1024K, 33 young (33792K), 9 survivors (9216K)
 Metaspace       used 20794K, capacity 21206K, committed 21296K, reserved 536576K
  class space    used 2491K, capacity 2654K, committed 2688K, reserved 516096K
}
Event: 2.714 GC heap after
{Heap after GC invocations=3 (full 0):
 garbage-first heap   total 120832K, used 19034K [0x0000000080000000, 0x0000000100000000)
  region size 1024K, 2 young (2048K), 2 survivors (2048K)
 Metaspace       used 20794K, capacity 21206K, committed 21296K, reserved 536576K
  class space    used 2491K, capacity 2654K, committed 2688K, reserved 516096K
}
Event: 3.599 GC heap before
{Heap before GC invocations=4 (full 0):
 garbage-first heap   total 120832K, used 64090K [0x0000000080000000, 0x0000000100000000)
  region size 1024K, 46 young (47104K), 2 survivors (2048K)
 Metaspace       used 24723K, capacity 25400K, committed 25648K, reserved 538624K
  class space    used 3123K, capacity 3351K, committed 3456K, reserved 516096K
}
Event: 3.601 GC heap after
{Heap after GC invocations=5 (full 0):
 garbage-first heap   total 120832K, used 20379K [0x0000000080000000, 0x0000000100000000)
  region size 1024K, 3 young (3072K), 3 survivors (3072K)
 Metaspace       used 24723K, capacity 25400K, committed 25648K, reserved 538624K
  class space    used 3123K, capacity 3351K, committed 3456K, reserved 516096K
}
Event: 4.184 GC heap before
{Heap before GC invocations=5 (full 0):
 garbage-first heap   total 120832K, used 71579K [0x0000000080000000, 0x0000000100000000)
  region size 1024K, 53 young (54272K), 3 survivors (3072K)
 Metaspace       used 29620K, capacity 30414K, committed 30512K, reserved 542720K
  class space    used 3871K, capacity 4179K, committed 4224K, reserved 516096K
}
Event: 4.188 GC heap after
{Heap after GC invocations=6 (full 0):
 garbage-first heap   total 120832K, used 22168K [0x0000000080000000, 0x0000000100000000)
  region size 1024K, 5 young (5120K), 5 survivors (5120K)
 Metaspace       used 29620K, capacity 30414K, committed 30512K, reserved 542720K
  class space    used 3871K, capacity 4179K, committed 4224K, reserved 516096K
}
Event: 4.611 GC heap before
{Heap before GC invocations=6 (full 0):
 garbage-first heap   total 120832K, used 51864K [0x0000000080000000, 0x0000000100000000)
  region size 1024K, 35 young (35840K), 5 survivors (5120K)
 Metaspace       used 35042K, capacity 35853K, committed 35920K, reserved 548864K
  class space    used 4490K, capacity 4845K, committed 4864K, reserved 516096K
}
Event: 4.618 GC heap after
{Heap after GC invocations=7 (full 0):
 garbage-first heap   total 120832K, used 24247K [0x0000000080000000, 0x0000000100000000)
  region size 1024K, 7 young (7168K), 7 survivors (7168K)
 Metaspace       used 35042K, capacity 35853K, committed 35920K, reserved 548864K
  class space    used 4490K, capacity 4845K, committed 4864K, reserved 516096K
}
Event: 6.158 GC heap before
{Heap before GC invocations=8 (full 0):
 garbage-first heap   total 120832K, used 82615K [0x0000000080000000, 0x0000000100000000)
  region size 1024K, 61 young (62464K), 7 survivors (7168K)
 Metaspace       used 40914K, capacity 41968K, committed 42012K, reserved 552960K
  class space    used 5147K, capacity 5552K, committed 5580K, reserved 516096K
}
Event: 6.169 GC heap after
{Heap after GC invocations=9 (full 0):
 garbage-first heap   total 145408K, used 29146K [0x0000000080000000, 0x0000000100000000)
  region size 1024K, 8 young (8192K), 8 survivors (8192K)
 Metaspace       used 40914K, capacity 41968K, committed 42012K, reserved 552960K
  class space    used 5147K, capacity 5552K, committed 5580K, reserved 516096K
}

